INFO: [VRFC 10-2263] Analyzing Verilog file "C:/VLSI/Processor_Trinity_8bit/Processor_Trinity_8bit.srcs/sources_1/new/alu.v" into library xil_defaultlib
INFO: [VRFC 10-311] analyzing module alu
INFO: [VRFC 10-2263] Analyzing Verilog file "C:/VLSI/Processor_Trinity_8bit/Processor_Trinity_8bit.srcs/sources_1/new/control_unit.v" into library xil_defaultlib
INFO: [VRFC 10-311] analyzing module control_unit
INFO: [VRFC 10-2263] Analyzing Verilog file "C:/VLSI/Processor_Trinity_8bit/Processor_Trinity_8bit.srcs/sources_1/new/data_memory.v" into library xil_defaultlib
INFO: [VRFC 10-311] analyzing module data_memory
INFO: [VRFC 10-2263] Analyzing Verilog file "C:/VLSI/Processor_Trinity_8bit/Processor_Trinity_8bit.srcs/sources_1/new/flag_register.v" into library xil_defaultlib
INFO: [VRFC 10-311] analyzing module flag_register
INFO: [VRFC 10-2263] Analyzing Verilog file "C:/VLSI/Processor_Trinity_8bit/Processor_Trinity_8bit.srcs/sources_1/new/instruction_memory.v" into library xil_defaultlib
INFO: [VRFC 10-311] analyzing module instruction_memory
INFO: [VRFC 10-2263] Analyzing Verilog file "C:/VLSI/Processor_Trinity_8bit/Processor_Trinity_8bit.srcs/sources_1/new/processor_top.v" into library xil_defaultlib
INFO: [VRFC 10-311] analyzing module processor_top
INFO: [VRFC 10-2263] Analyzing Verilog file "C:/VLSI/Processor_Trinity_8bit/Processor_Trinity_8bit.srcs/sources_1/new/program_counter.v" into library xil_defaultlib
INFO: [VRFC 10-311] analyzing module program_counter
INFO: [VRFC 10-2263] Analyzing Verilog file "C:/VLSI/Processor_Trinity_8bit/Processor_Trinity_8bit.srcs/sources_1/new/register_file.v" into library xil_defaultlib
INFO: [VRFC 10-311] analyzing module register_file
INFO: [VRFC 10-2263] Analyzing Verilog file "C:/VLSI/Processor_Trinity_8bit/Processor_Trinity_8bit.srcs/sim_1/new/tb_processor.v" into library xil_defaultlib
INFO: [VRFC 10-311] analyzing module tb_processor
INFO: [VRFC 10-2263] Analyzing Verilog file "C:/VLSI/Processor_Trinity_8bit/Processor_Trinity_8bit.sim/sim_1/behav/xsim/glbl.v" into library xil_defaultlib
INFO: [VRFC 10-311] analyzing module glbl
