Vivado Simulator v2025.2
Copyright 1986-2022 Xilinx, Inc. All Rights Reserved.
Copyright 2022-2025 Advanced Micro Devices, Inc. All Rights Reserved.
Running: C:/AMDDesignTools/2025.2/Vivado/bin/unwrapped/win64.o/xelab.exe --incr --debug typical --relax --mt 2 -L xil_defaultlib -L unisims_ver -L unimacro_ver -L unisims_ver -L secureip -L hnicx -L cpm5n --snapshot tb_processor_behav xil_defaultlib.tb_processor xil_defaultlib.glbl -log elaborate.log 
Using 2 slave threads.
Starting static elaboration
Pass Through NonSizing Optimizer
Completed static elaboration
Starting simulation data flow analysis
WARNING: [XSIM 43-4099] "C:/VLSI/Processor_Trinity_8bit/Processor_Trinity_8bit.srcs/sources_1/new/processor_top.v" Line 45. Module processor_top doesn't have a timescale but at least one module in design has a timescale.
WARNING: [XSIM 43-4099] "C:/VLSI/Processor_Trinity_8bit/Processor_Trinity_8bit.srcs/sources_1/new/program_counter.v" Line 15. Module program_counter doesn't have a timescale but at least one module in design has a timescale.
WARNING: [XSIM 43-4099] "C:/VLSI/Processor_Trinity_8bit/Processor_Trinity_8bit.srcs/sources_1/new/instruction_memory.v" Line 21. Module instruction_memory doesn't have a timescale but at least one module in design has a timescale.
WARNING: [XSIM 43-4099] "C:/VLSI/Processor_Trinity_8bit/Processor_Trinity_8bit.srcs/sources_1/new/control_unit.v" Line 31. Module control_unit doesn't have a timescale but at least one module in design has a timescale.
WARNING: [XSIM 43-4099] "C:/VLSI/Processor_Trinity_8bit/Processor_Trinity_8bit.srcs/sources_1/new/register_file.v" Line 12. Module register_file doesn't have a timescale but at least one module in design has a timescale.
WARNING: [XSIM 43-4099] "C:/VLSI/Processor_Trinity_8bit/Processor_Trinity_8bit.srcs/sources_1/new/alu.v" Line 10. Module alu doesn't have a timescale but at least one module in design has a timescale.
WARNING: [XSIM 43-4099] "C:/VLSI/Processor_Trinity_8bit/Processor_Trinity_8bit.srcs/sources_1/new/flag_register.v" Line 24. Module flag_register doesn't have a timescale but at least one module in design has a timescale.
WARNING: [XSIM 43-4099] "C:/VLSI/Processor_Trinity_8bit/Processor_Trinity_8bit.srcs/sources_1/new/data_memory.v" Line 15. Module data_memory doesn't have a timescale but at least one module in design has a timescale.
Completed simulation data flow analysis
Time Resolution for simulation is 1ps
Compiling module xil_defaultlib.program_counter
Compiling module xil_defaultlib.instruction_memory
Compiling module xil_defaultlib.control_unit
Compiling module xil_defaultlib.register_file
Compiling module xil_defaultlib.alu
Compiling module xil_defaultlib.flag_register
Compiling module xil_defaultlib.data_memory
Compiling module xil_defaultlib.processor_top
Compiling module xil_defaultlib.tb_processor
Compiling module xil_defaultlib.glbl
Built simulation snapshot tb_processor_behav
